<?xml version="1.0" encoding="UTF-8"?>
<testsuite xmlns:xsi="http://www.w3.org/2001/XMLSchema-instance" xsi:noNamespaceSchemaLocation="https://maven.apache.org/surefire/maven-surefire-plugin/xsd/surefire-test-report.xsd" name="com.cloud.server.StatsCollectorTest" time="1.626" tests="1" errors="0" skipped="0" failures="1">
  <properties>
    <property name="sun.desktop" value="gnome"/>
    <property name="awt.toolkit" value="sun.awt.X11.XToolkit"/>
    <property name="java.specification.version" value="11"/>
    <property name="nondexStart" value="0"/>
    <property name="sun.cpu.isalist" value=""/>
    <property name="sun.jnu.encoding" value="UTF-8"/>
    <property name="java.class.path" value="/home/rayhanul/.m2/repository/org/apache/maven/surefire/surefire-booter/2.22.2/surefire-booter-2.22.2.jar:/home/rayhanul/.m2/repository/org/apache/maven/surefire/surefire-api/2.22.2/surefire-api-2.22.2.jar:/home/rayhanul/.m2/repository/org/apache/maven/surefire/surefire-logger-api/2.22.2/surefire-logger-api-2.22.2.jar:/home/rayhanul/Documents/GitHub/gmu/cloudstack/server/target/test-classes:/home/rayhanul/Documents/GitHub/gmu/cloudstack/server/target/classes:/home/rayhanul/.m2/repository/mysql/mysql-connector-java/8.0.19/mysql-connector-java-8.0.19.jar:/home/rayhanul/.m2/repository/com/google/protobuf/protobuf-java/3.6.1/protobuf-java-3.6.1.jar:/home/rayhanul/.m2/repository/commons-io/commons-io/2.8.0/commons-io-2.8.0.jar:/home/rayhanul/.m2/repository/org/springframework/spring-web/5.3.18/spring-web-5.3.18.jar:/home/rayhanul/.m2/repository/org/springframework/spring-beans/5.3.18/spring-beans-5.3.18.jar:/home/rayhanul/.m2/repository/org/springframework/spring-core/5.3.18/spring-core-5.3.18.jar:/home/rayhanul/.m2/repository/org/springframework/spring-jcl/5.3.18/spring-jcl-5.3.18.jar:/home/rayhanul/.m2/repository/org/apache/cloudstack/cloud-core/4.18.0.0-SNAPSHOT/cloud-core-4.18.0.0-SNAPSHOT.jar:/home/rayhanul/.m2/repository/org/apache/cloudstack/cloud-engine-api/4.18.0.0-SNAPSHOT/cloud-engine-api-4.18.0.0-SNAPSHOT.jar:/home/rayhanul/.m2/repository/org/apache/cloudstack/cloud-framework-rest/4.18.0.0-SNAPSHOT/cloud-framework-rest-4.18.0.0-SNAPSHOT.jar:/home/rayhanul/.m2/repository/com/fasterxml/jackson/module/jackson-module-jaxb-annotations/2.12.1/jackson-module-jaxb-annotations-2.12.1.jar:/home/rayhanul/.m2/repository/jakarta/xml/bind/jakarta.xml.bind-api/2.3.2/jakarta.xml.bind-api-2.3.2.jar:/home/rayhanul/.m2/repository/jakarta/activation/jakarta.activation-api/1.2.1/jakarta.activation-api-1.2.1.jar:/home/rayhanul/.m2/repository/com/fasterxml/jackson/jaxrs/jackson-jaxrs-json-provider/2.12.1/jackson-jaxrs-json-provider-2.12.1.jar:/home/rayhanul/.m2/repository/com/fasterxml/jackson/jaxrs/jackson-jaxrs-base/2.12.1/jackson-jaxrs-base-2.12.1.jar:/home/rayhanul/.m2/repository/org/apache/cxf/cxf-rt-frontend-jaxrs/3.2.14/cxf-rt-frontend-jaxrs-3.2.14.jar:/home/rayhanul/.m2/repository/org/apache/cxf/cxf-core/3.2.14/cxf-core-3.2.14.jar:/home/rayhanul/.m2/repository/com/fasterxml/woodstox/woodstox-core/5.0.3/woodstox-core-5.0.3.jar:/home/rayhanul/.m2/repository/org/codehaus/woodstox/stax2-api/3.1.4/stax2-api-3.1.4.jar:/home/rayhanul/.m2/repository/org/apache/ws/xmlschema/xmlschema-core/2.2.5/xmlschema-core-2.2.5.jar:/home/rayhanul/.m2/repository/javax/ws/rs/javax.ws.rs-api/2.1.1/javax.ws.rs-api-2.1.1.jar:/home/rayhanul/.m2/repository/org/apache/cxf/cxf-rt-transports-http/3.2.14/cxf-rt-transports-http-3.2.14.jar:/home/rayhanul/.m2/repository/javax/xml/bind/jaxb-api/2.3.0/jaxb-api-2.3.0.jar:/home/rayhanul/.m2/repository/com/sun/xml/bind/jaxb-core/2.3.0/jaxb-core-2.3.0.jar:/home/rayhanul/.m2/repository/com/sun/xml/bind/jaxb-impl/2.3.0/jaxb-impl-2.3.0.jar:/home/rayhanul/.m2/repository/org/apache/cloudstack/cloud-framework-cluster/4.18.0.0-SNAPSHOT/cloud-framework-cluster-4.18.0.0-SNAPSHOT.jar:/home/rayhanul/.m2/repository/org/apache/cloudstack/cloud-framework-db/4.18.0.0-SNAPSHOT/cloud-framework-db-4.18.0.0-SNAPSHOT.jar:/home/rayhanul/.m2/repository/net/sf/ehcache/ehcache-core/2.6.11/ehcache-core-2.6.11.jar:/home/rayhanul/.m2/repository/org/eclipse/persistence/javax.persistence/2.2.1/javax.persistence-2.2.1.jar:/home/rayhanul/.m2/repository/org/apache/commons/commons-dbcp2/2.8.0/commons-dbcp2-2.8.0.jar:/home/rayhanul/.m2/repository/org/apache/commons/commons-pool2/2.9.0/commons-pool2-2.9.0.jar:/home/rayhanul/.m2/repository/org/apache/cloudstack/cloud-framework-security/4.18.0.0-SNAPSHOT/cloud-framework-security-4.18.0.0-SNAPSHOT.jar:/home/rayhanul/.m2/repository/javax/servlet/javax.servlet-api/4.0.1/javax.servlet-api-4.0.1.jar:/home/rayhanul/.m2/repository/org/apache/httpcomponents/httpcore/4.4.14/httpcore-4.4.14.jar:/home/rayhanul/.m2/repository/org/apache/cloudstack/cloud-framework-ca/4.18.0.0-SNAPSHOT/cloud-framework-ca-4.18.0.0-SNAPSHOT.jar:/home/rayhanul/.m2/repository/org/apache/cloudstack/cloud-framework-jobs/4.18.0.0-SNAPSHOT/cloud-framework-jobs-4.18.0.0-SNAPSHOT.jar:/home/rayhanul/.m2/repository/org/apache/httpcomponents/httpclient/4.5.13/httpclient-4.5.13.jar:/home/rayhanul/.m2/repository/commons-logging/commons-logging/1.2/commons-logging-1.2.jar:/home/rayhanul/.m2/repository/com/thoughtworks/xstream/xstream/1.4.19/xstream-1.4.19.jar:/home/rayhanul/.m2/repository/io/github/x-stream/mxparser/1.2.2/mxparser-1.2.2.jar:/home/rayhanul/.m2/repository/xmlpull/xmlpull/1.1.3.1/xmlpull-1.1.3.1.jar:/home/rayhanul/.m2/repository/javax/mail/mail/1.5.0-b01/mail-1.5.0-b01.jar:/home/rayhanul/.m2/repository/javax/activation/activation/1.1/activation-1.1.jar:/home/rayhanul/.m2/repository/commons-codec/commons-codec/1.15/commons-codec-1.15.jar:/home/rayhanul/.m2/repository/org/apache/commons/commons-math3/3.6.1/commons-math3-3.6.1.jar:/home/rayhanul/.m2/repository/org/apache/cloudstack/cloud-utils/4.18.0.0-SNAPSHOT/cloud-utils-4.18.0.0-SNAPSHOT.jar:/home/rayhanul/.m2/repository/org/apache/cloudstack/cloud-framework-managed-context/4.18.0.0-SNAPSHOT/cloud-framework-managed-context-4.18.0.0-SNAPSHOT.jar:/home/rayhanul/.m2/repository/org/springframework/spring-context/5.3.18/spring-context-5.3.18.jar:/home/rayhanul/.m2/repository/org/springframework/spring-aop/5.3.18/spring-aop-5.3.18.jar:/home/rayhanul/.m2/repository/org/springframework/spring-expression/5.3.18/spring-expression-5.3.18.jar:/home/rayhanul/.m2/repository/org/aspectj/aspectjweaver/1.8.13/aspectjweaver-1.8.13.jar:/home/rayhanul/.m2/repository/ch/qos/reload4j/reload4j/1.2.20/reload4j-1.2.20.jar:/home/rayhanul/.m2/repository/cglib/cglib-nodep/3.3.0/cglib-nodep-3.3.0.jar:/home/rayhanul/.m2/repository/commons-validator/commons-validator/1.6/commons-validator-1.6.jar:/home/rayhanul/.m2/repository/commons-beanutils/commons-beanutils/1.9.2/commons-beanutils-1.9.2.jar:/home/rayhanul/.m2/repository/commons-digester/commons-digester/1.8.1/commons-digester-1.8.1.jar:/home/rayhanul/.m2/repository/org/bouncycastle/bcprov-jdk15on/1.70/bcprov-jdk15on-1.70.jar:/home/rayhanul/.m2/repository/org/bouncycastle/bcpkix-jdk15on/1.70/bcpkix-jdk15on-1.70.jar:/home/rayhanul/.m2/repository/org/bouncycastle/bcutil-jdk15on/1.70/bcutil-jdk15on-1.70.jar:/home/rayhanul/.m2/repository/org/bouncycastle/bctls-jdk15on/1.70/bctls-jdk15on-1.70.jar:/home/rayhanul/.m2/repository/com/jcraft/jsch/0.1.55/jsch-0.1.55.jar:/home/rayhanul/.m2/repository/org/jasypt/jasypt/1.9.3/jasypt-1.9.3.jar:/home/rayhanul/.m2/repository/org/jenkins-ci/trilead-ssh2/build-217-jenkins-27/trilead-ssh2-build-217-jenkins-27.jar:/home/rayhanul/.m2/repository/net/i2p/crypto/eddsa/0.3.0/eddsa-0.3.0.jar:/home/rayhanul/.m2/repository/org/connectbot/jbcrypt/jbcrypt/1.0.0/jbcrypt-1.0.0.jar:/home/rayhanul/.m2/repository/com/google/crypto/tink/tink/1.5.0/tink-1.5.0.jar:/home/rayhanul/.m2/repository/org/json/json/20090211/json-20090211.jar:/home/rayhanul/.m2/repository/com/amazonaws/aws-java-sdk-core/1.11.940/aws-java-sdk-core-1.11.940.jar:/home/rayhanul/.m2/repository/software/amazon/ion/ion-java/1.0.2/ion-java-1.0.2.jar:/home/rayhanul/.m2/repository/com/fasterxml/jackson/dataformat/jackson-dataformat-cbor/2.6.7/jackson-dataformat-cbor-2.6.7.jar:/home/rayhanul/.m2/repository/com/amazonaws/aws-java-sdk-s3/1.11.940/aws-java-sdk-s3-1.11.940.jar:/home/rayhanul/.m2/repository/com/amazonaws/aws-java-sdk-kms/1.11.940/aws-java-sdk-kms-1.11.940.jar:/home/rayhanul/.m2/repository/com/amazonaws/jmespath-java/1.11.940/jmespath-java-1.11.940.jar:/home/rayhanul/.m2/repository/log4j/apache-log4j-extras/1.2.17/apache-log4j-extras-1.2.17.jar:/home/rayhanul/.m2/repository/com/googlecode/java-ipv6/java-ipv6/0.17/java-ipv6-0.17.jar:/home/rayhanul/.m2/repository/commons-configuration/commons-configuration/1.10/commons-configuration-1.10.jar:/home/rayhanul/.m2/repository/javax/annotation/javax.annotation-api/1.3.2/javax.annotation-api-1.3.2.jar:/home/rayhanul/.m2/repository/org/apache/commons/commons-lang3/3.11/commons-lang3-3.11.jar:/home/rayhanul/.m2/repository/org/owasp/esapi/esapi/2.1.0.1/esapi-2.1.0.1.jar:/home/rayhanul/.m2/repository/commons-fileupload/commons-fileupload/1.4/commons-fileupload-1.4.jar:/home/rayhanul/.m2/repository/xom/xom/1.2.5/xom-1.2.5.jar:/home/rayhanul/.m2/repository/xerces/xercesImpl/2.8.0/xercesImpl-2.8.0.jar:/home/rayhanul/.m2/repository/xalan/xalan/2.7.0/xalan-2.7.0.jar:/home/rayhanul/.m2/repository/org/beanshell/bsh-core/2.0b4/bsh-core-2.0b4.jar:/home/rayhanul/.m2/repository/org/owasp/antisamy/antisamy/1.5.3/antisamy-1.5.3.jar:/home/rayhanul/.m2/repository/net/sourceforge/nekohtml/nekohtml/1.9.16/nekohtml-1.9.16.jar:/home/rayhanul/.m2/repository/org/apache/xmlgraphics/batik-css/1.14/batik-css-1.14.jar:/home/rayhanul/.m2/repository/org/apache/xmlgraphics/batik-shared-resources/1.14/batik-shared-resources-1.14.jar:/home/rayhanul/.m2/repository/org/apache/xmlgraphics/batik-util/1.14/batik-util-1.14.jar:/home/rayhanul/.m2/repository/org/apache/xmlgraphics/batik-constants/1.14/batik-constants-1.14.jar:/home/rayhanul/.m2/repository/org/apache/xmlgraphics/batik-i18n/1.14/batik-i18n-1.14.jar:/home/rayhanul/.m2/repository/org/apache/xmlgraphics/xmlgraphics-commons/2.6/xmlgraphics-commons-2.6.jar:/home/rayhanul/.m2/repository/commons-net/commons-net/3.7.2/commons-net-3.7.2.jar:/home/rayhanul/.m2/repository/com/google/code/gson/gson/1.7.2/gson-1.7.2.jar:/home/rayhanul/.m2/repository/com/google/guava/guava-testlib/18.0/guava-testlib-18.0.jar:/home/rayhanul/.m2/repository/com/google/code/findbugs/jsr305/1.3.9/jsr305-1.3.9.jar:/home/rayhanul/.m2/repository/com/google/truth/truth/0.23/truth-0.23.jar:/home/rayhanul/.m2/repository/com/fasterxml/jackson/core/jackson-databind/2.12.1/jackson-databind-2.12.1.jar:/home/rayhanul/.m2/repository/com/fasterxml/jackson/core/jackson-annotations/2.12.1/jackson-annotations-2.12.1.jar:/home/rayhanul/.m2/repository/com/fasterxml/jackson/core/jackson-core/2.12.1/jackson-core-2.12.1.jar:/home/rayhanul/.m2/repository/org/apache/commons/commons-compress/1.21/commons-compress-1.21.jar:/home/rayhanul/.m2/repository/org/apache/commons/commons-email/1.5/commons-email-1.5.jar:/home/rayhanul/.m2/repository/com/sun/mail/javax.mail/1.5.6/javax.mail-1.5.6.jar:/home/rayhanul/.m2/repository/org/apache/cloudstack/cloud-api/4.18.0.0-SNAPSHOT/cloud-api-4.18.0.0-SNAPSHOT-tests.jar:/home/rayhanul/.m2/repository/org/apache/cloudstack/cloud-framework-direct-download/4.18.0.0-SNAPSHOT/cloud-framework-direct-download-4.18.0.0-SNAPSHOT.jar:/home/rayhanul/.m2/repository/org/reflections/reflections/0.9.12/reflections-0.9.12.jar:/home/rayhanul/.m2/repository/org/javassist/javassist/3.27.0-GA/javassist-3.27.0-GA.jar:/home/rayhanul/.m2/repository/org/apache/cloudstack/cloud-api/4.18.0.0-SNAPSHOT/cloud-api-4.18.0.0-SNAPSHOT.jar:/home/rayhanul/.m2/repository/org/apache/cloudstack/cloud-engine-schema/4.18.0.0-SNAPSHOT/cloud-engine-schema-4.18.0.0-SNAPSHOT.jar:/home/rayhanul/.m2/repository/org/ini4j/ini4j/0.5.4/ini4j-0.5.4.jar:/home/rayhanul/.m2/repository/org/apache/cloudstack/cloud-framework-ipc/4.18.0.0-SNAPSHOT/cloud-framework-ipc-4.18.0.0-SNAPSHOT.jar:/home/rayhanul/.m2/repository/org/apache/cloudstack/cloud-framework-events/4.18.0.0-SNAPSHOT/cloud-framework-events-4.18.0.0-SNAPSHOT.jar:/home/rayhanul/.m2/repository/com/google/guava/guava/30.1-jre/guava-30.1-jre.jar:/home/rayhanul/.m2/repository/com/google/guava/failureaccess/1.0.1/failureaccess-1.0.1.jar:/home/rayhanul/.m2/repository/com/google/guava/listenablefuture/9999.0-empty-to-avoid-conflict-with-guava/listenablefuture-9999.0-empty-to-avoid-conflict-with-guava.jar:/home/rayhanul/.m2/repository/org/checkerframework/checker-qual/3.5.0/checker-qual-3.5.0.jar:/home/rayhanul/.m2/repository/com/google/errorprone/error_prone_annotations/2.3.4/error_prone_annotations-2.3.4.jar:/home/rayhanul/.m2/repository/com/google/j2objc/j2objc-annotations/1.3/j2objc-annotations-1.3.jar:/home/rayhanul/.m2/repository/org/apache/cloudstack/cloud-framework-config/4.18.0.0-SNAPSHOT/cloud-framework-config-4.18.0.0-SNAPSHOT.jar:/home/rayhanul/.m2/repository/org/apache/cloudstack/cloud-engine-components-api/4.18.0.0-SNAPSHOT/cloud-engine-components-api-4.18.0.0-SNAPSHOT.jar:/home/rayhanul/.m2/repository/org/apache/cloudstack/cloud-framework-agent-lb/4.18.0.0-SNAPSHOT/cloud-framework-agent-lb-4.18.0.0-SNAPSHOT.jar:/home/rayhanul/.m2/repository/org/apache/cloudstack/cloud-engine-storage-configdrive/4.18.0.0-SNAPSHOT/cloud-engine-storage-configdrive-4.18.0.0-SNAPSHOT.jar:/home/rayhanul/.m2/repository/org/opensaml/opensaml/2.6.4/opensaml-2.6.4.jar:/home/rayhanul/.m2/repository/org/opensaml/openws/1.5.4/openws-1.5.4.jar:/home/rayhanul/.m2/repository/org/opensaml/xmltooling/1.4.4/xmltooling-1.4.4.jar:/home/rayhanul/.m2/repository/ca/juliusdavies/not-yet-commons-ssl/0.3.9/not-yet-commons-ssl-0.3.9.jar:/home/rayhanul/.m2/repository/commons-httpclient/commons-httpclient/3.1/commons-httpclient-3.1.jar:/home/rayhanul/.m2/repository/commons-collections/commons-collections/3.2.1/commons-collections-3.2.1.jar:/home/rayhanul/.m2/repository/commons-lang/commons-lang/2.6/commons-lang-2.6.jar:/home/rayhanul/.m2/repository/org/apache/velocity/velocity/1.7/velocity-1.7.jar:/home/rayhanul/.m2/repository/joda-time/joda-time/2.10.9/joda-time-2.10.9.jar:/home/rayhanul/.m2/repository/org/apache/santuario/xmlsec/1.5.7/xmlsec-1.5.7.jar:/home/rayhanul/.m2/repository/org/slf4j/jcl-over-slf4j/1.7.5/jcl-over-slf4j-1.7.5.jar:/home/rayhanul/.m2/repository/org/slf4j/jul-to-slf4j/1.7.5/jul-to-slf4j-1.7.5.jar:/home/rayhanul/.m2/repository/org/slf4j/log4j-over-slf4j/1.7.5/log4j-over-slf4j-1.7.5.jar:/home/rayhanul/.m2/repository/org/slf4j/slf4j-api/1.7.5/slf4j-api-1.7.5.jar:/home/rayhanul/.m2/repository/org/influxdb/influxdb-java/2.21/influxdb-java-2.21.jar:/home/rayhanul/.m2/repository/com/squareup/retrofit2/retrofit/2.9.0/retrofit-2.9.0.jar:/home/rayhanul/.m2/repository/com/squareup/retrofit2/converter-moshi/2.9.0/converter-moshi-2.9.0.jar:/home/rayhanul/.m2/repository/com/squareup/moshi/moshi/1.8.0/moshi-1.8.0.jar:/home/rayhanul/.m2/repository/org/msgpack/msgpack-core/0.8.21/msgpack-core-0.8.21.jar:/home/rayhanul/.m2/repository/com/squareup/okhttp3/okhttp/4.9.0/okhttp-4.9.0.jar:/home/rayhanul/.m2/repository/com/squareup/okio/okio/2.8.0/okio-2.8.0.jar:/home/rayhanul/.m2/repository/org/jetbrains/kotlin/kotlin-stdlib-common/1.4.0/kotlin-stdlib-common-1.4.0.jar:/home/rayhanul/.m2/repository/org/jetbrains/kotlin/kotlin-stdlib/1.4.10/kotlin-stdlib-1.4.10.jar:/home/rayhanul/.m2/repository/org/jetbrains/annotations/13.0/annotations-13.0.jar:/home/rayhanul/.m2/repository/com/squareup/okhttp3/logging-interceptor/4.9.0/logging-interceptor-4.9.0.jar:/home/rayhanul/.m2/repository/org/jetbrains/kotlin/kotlin-stdlib-jdk8/1.4.10/kotlin-stdlib-jdk8-1.4.10.jar:/home/rayhanul/.m2/repository/org/jetbrains/kotlin/kotlin-stdlib-jdk7/1.4.10/kotlin-stdlib-jdk7-1.4.10.jar:/home/rayhanul/.m2/repository/com/codahale/metrics/metrics-core/3.0.2/metrics-core-3.0.2.jar:/home/rayhanul/.m2/repository/com/codahale/metrics/metrics-jvm/3.0.2/metrics-jvm-3.0.2.jar:/home/rayhanul/.m2/repository/org/hamcrest/hamcrest-all/1.3/hamcrest-all-1.3.jar:/home/rayhanul/.m2/repository/org/mockito/mockito-core/3.2.4/mockito-core-3.2.4.jar:/home/rayhanul/.m2/repository/net/bytebuddy/byte-buddy/1.10.5/byte-buddy-1.10.5.jar:/home/rayhanul/.m2/repository/net/bytebuddy/byte-buddy-agent/1.10.5/byte-buddy-agent-1.10.5.jar:/home/rayhanul/.m2/repository/org/objenesis/objenesis/2.6/objenesis-2.6.jar:/home/rayhanul/.m2/repository/junit/junit/4.13/junit-4.13.jar:/home/rayhanul/.m2/repository/com/tngtech/java/junit-dataprovider/1.13.1/junit-dataprovider-1.13.1.jar:/home/rayhanul/.m2/repository/org/powermock/powermock-core/2.0.5/powermock-core-2.0.5.jar:/home/rayhanul/.m2/repository/org/powermock/powermock-reflect/2.0.5/powermock-reflect-2.0.5.jar:/home/rayhanul/.m2/repository/org/powermock/powermock-module-junit4/2.0.5/powermock-module-junit4-2.0.5.jar:/home/rayhanul/.m2/repository/org/powermock/powermock-module-junit4-common/2.0.5/powermock-module-junit4-common-2.0.5.jar:/home/rayhanul/.m2/repository/org/hamcrest/hamcrest-core/1.3/hamcrest-core-1.3.jar:/home/rayhanul/.m2/repository/org/powermock/powermock-api-mockito2/2.0.5/powermock-api-mockito2-2.0.5.jar:/home/rayhanul/.m2/repository/org/powermock/powermock-api-support/2.0.5/powermock-api-support-2.0.5.jar:/home/rayhanul/.m2/repository/org/springframework/spring-test/5.3.18/spring-test-5.3.18.jar:/home/rayhanul/.m2/repository/javax/inject/javax.inject/1/javax.inject-1.jar:/home/rayhanul/.m2/repository/org/apache/maven/surefire/surefire-junit47/2.22.2/surefire-junit47-2.22.2.jar:/home/rayhanul/.m2/repository/org/apache/maven/surefire/common-junit48/2.22.2/common-junit48-2.22.2.jar:/home/rayhanul/.m2/repository/org/apache/maven/surefire/common-junit4/2.22.2/common-junit4-2.22.2.jar:/home/rayhanul/.m2/repository/org/apache/maven/surefire/common-junit3/2.22.2/common-junit3-2.22.2.jar:/home/rayhanul/.m2/repository/org/apache/maven/surefire/common-java5/2.22.2/common-java5-2.22.2.jar:/home/rayhanul/.m2/repository/org/apache/maven/shared/maven-shared-utils/0.9/maven-shared-utils-0.9.jar:/home/rayhanul/.m2/repository/org/apache/maven/surefire/surefire-grouper/2.22.2/surefire-grouper-2.22.2.jar"/>
    <property name="java.vm.vendor" value="Ubuntu"/>
    <property name="nondexPrintstack" value="false"/>
    <property name="sun.arch.data.model" value="64"/>
    <property name="java.vendor.url" value="https://ubuntu.com/"/>
    <property name="user.timezone" value=""/>
    <property name="java.vm.specification.version" value="11"/>
    <property name="os.name" value="Linux"/>
    <property name="sun.java.launcher" value="SUN_STANDARD"/>
    <property name="user.country" value="US"/>
    <property name="sun.boot.library.path" value="/usr/lib/jvm/java-11-openjdk-amd64/lib"/>
    <property name="nondexLogging" value="CONFIG"/>
    <property name="sun.java.command" value="org.apache.maven.surefire.booter.ForkedBooter /home/rayhanul/Documents/GitHub/gmu/cloudstack/server/target/surefire 2024-01-07T23-18-01_326-jvmRun1 surefire13451154063731379985tmp surefire_29761231496018327659tmp"/>
    <property name="jdk.debug" value="release"/>
    <property name="surefire.test.class.path" value="/home/rayhanul/Documents/GitHub/gmu/cloudstack/server/target/test-classes:/home/rayhanul/Documents/GitHub/gmu/cloudstack/server/target/classes:/home/rayhanul/.m2/repository/mysql/mysql-connector-java/8.0.19/mysql-connector-java-8.0.19.jar:/home/rayhanul/.m2/repository/com/google/protobuf/protobuf-java/3.6.1/protobuf-java-3.6.1.jar:/home/rayhanul/.m2/repository/commons-io/commons-io/2.8.0/commons-io-2.8.0.jar:/home/rayhanul/.m2/repository/org/springframework/spring-web/5.3.18/spring-web-5.3.18.jar:/home/rayhanul/.m2/repository/org/springframework/spring-beans/5.3.18/spring-beans-5.3.18.jar:/home/rayhanul/.m2/repository/org/springframework/spring-core/5.3.18/spring-core-5.3.18.jar:/home/rayhanul/.m2/repository/org/springframework/spring-jcl/5.3.18/spring-jcl-5.3.18.jar:/home/rayhanul/.m2/repository/org/apache/cloudstack/cloud-core/4.18.0.0-SNAPSHOT/cloud-core-4.18.0.0-SNAPSHOT.jar:/home/rayhanul/.m2/repository/org/apache/cloudstack/cloud-engine-api/4.18.0.0-SNAPSHOT/cloud-engine-api-4.18.0.0-SNAPSHOT.jar:/home/rayhanul/.m2/repository/org/apache/cloudstack/cloud-framework-rest/4.18.0.0-SNAPSHOT/cloud-framework-rest-4.18.0.0-SNAPSHOT.jar:/home/rayhanul/.m2/repository/com/fasterxml/jackson/module/jackson-module-jaxb-annotations/2.12.1/jackson-module-jaxb-annotations-2.12.1.jar:/home/rayhanul/.m2/repository/jakarta/xml/bind/jakarta.xml.bind-api/2.3.2/jakarta.xml.bind-api-2.3.2.jar:/home/rayhanul/.m2/repository/jakarta/activation/jakarta.activation-api/1.2.1/jakarta.activation-api-1.2.1.jar:/home/rayhanul/.m2/repository/com/fasterxml/jackson/jaxrs/jackson-jaxrs-json-provider/2.12.1/jackson-jaxrs-json-provider-2.12.1.jar:/home/rayhanul/.m2/repository/com/fasterxml/jackson/jaxrs/jackson-jaxrs-base/2.12.1/jackson-jaxrs-base-2.12.1.jar:/home/rayhanul/.m2/repository/org/apache/cxf/cxf-rt-frontend-jaxrs/3.2.14/cxf-rt-frontend-jaxrs-3.2.14.jar:/home/rayhanul/.m2/repository/org/apache/cxf/cxf-core/3.2.14/cxf-core-3.2.14.jar:/home/rayhanul/.m2/repository/com/fasterxml/woodstox/woodstox-core/5.0.3/woodstox-core-5.0.3.jar:/home/rayhanul/.m2/repository/org/codehaus/woodstox/stax2-api/3.1.4/stax2-api-3.1.4.jar:/home/rayhanul/.m2/repository/org/apache/ws/xmlschema/xmlschema-core/2.2.5/xmlschema-core-2.2.5.jar:/home/rayhanul/.m2/repository/javax/ws/rs/javax.ws.rs-api/2.1.1/javax.ws.rs-api-2.1.1.jar:/home/rayhanul/.m2/repository/org/apache/cxf/cxf-rt-transports-http/3.2.14/cxf-rt-transports-http-3.2.14.jar:/home/rayhanul/.m2/repository/javax/xml/bind/jaxb-api/2.3.0/jaxb-api-2.3.0.jar:/home/rayhanul/.m2/repository/com/sun/xml/bind/jaxb-core/2.3.0/jaxb-core-2.3.0.jar:/home/rayhanul/.m2/repository/com/sun/xml/bind/jaxb-impl/2.3.0/jaxb-impl-2.3.0.jar:/home/rayhanul/.m2/repository/org/apache/cloudstack/cloud-framework-cluster/4.18.0.0-SNAPSHOT/cloud-framework-cluster-4.18.0.0-SNAPSHOT.jar:/home/rayhanul/.m2/repository/org/apache/cloudstack/cloud-framework-db/4.18.0.0-SNAPSHOT/cloud-framework-db-4.18.0.0-SNAPSHOT.jar:/home/rayhanul/.m2/repository/net/sf/ehcache/ehcache-core/2.6.11/ehcache-core-2.6.11.jar:/home/rayhanul/.m2/repository/org/eclipse/persistence/javax.persistence/2.2.1/javax.persistence-2.2.1.jar:/home/rayhanul/.m2/repository/org/apache/commons/commons-dbcp2/2.8.0/commons-dbcp2-2.8.0.jar:/home/rayhanul/.m2/repository/org/apache/commons/commons-pool2/2.9.0/commons-pool2-2.9.0.jar:/home/rayhanul/.m2/repository/org/apache/cloudstack/cloud-framework-security/4.18.0.0-SNAPSHOT/cloud-framework-security-4.18.0.0-SNAPSHOT.jar:/home/rayhanul/.m2/repository/javax/servlet/javax.servlet-api/4.0.1/javax.servlet-api-4.0.1.jar:/home/rayhanul/.m2/repository/org/apache/httpcomponents/httpcore/4.4.14/httpcore-4.4.14.jar:/home/rayhanul/.m2/repository/org/apache/cloudstack/cloud-framework-ca/4.18.0.0-SNAPSHOT/cloud-framework-ca-4.18.0.0-SNAPSHOT.jar:/home/rayhanul/.m2/repository/org/apache/cloudstack/cloud-framework-jobs/4.18.0.0-SNAPSHOT/cloud-framework-jobs-4.18.0.0-SNAPSHOT.jar:/home/rayhanul/.m2/repository/org/apache/httpcomponents/httpclient/4.5.13/httpclient-4.5.13.jar:/home/rayhanul/.m2/repository/commons-logging/commons-logging/1.2/commons-logging-1.2.jar:/home/rayhanul/.m2/repository/com/thoughtworks/xstream/xstream/1.4.19/xstream-1.4.19.jar:/home/rayhanul/.m2/repository/io/github/x-stream/mxparser/1.2.2/mxparser-1.2.2.jar:/home/rayhanul/.m2/repository/xmlpull/xmlpull/1.1.3.1/xmlpull-1.1.3.1.jar:/home/rayhanul/.m2/repository/javax/mail/mail/1.5.0-b01/mail-1.5.0-b01.jar:/home/rayhanul/.m2/repository/javax/activation/activation/1.1/activation-1.1.jar:/home/rayhanul/.m2/repository/commons-codec/commons-codec/1.15/commons-codec-1.15.jar:/home/rayhanul/.m2/repository/org/apache/commons/commons-math3/3.6.1/commons-math3-3.6.1.jar:/home/rayhanul/.m2/repository/org/apache/cloudstack/cloud-utils/4.18.0.0-SNAPSHOT/cloud-utils-4.18.0.0-SNAPSHOT.jar:/home/rayhanul/.m2/repository/org/apache/cloudstack/cloud-framework-managed-context/4.18.0.0-SNAPSHOT/cloud-framework-managed-context-4.18.0.0-SNAPSHOT.jar:/home/rayhanul/.m2/repository/org/springframework/spring-context/5.3.18/spring-context-5.3.18.jar:/home/rayhanul/.m2/repository/org/springframework/spring-aop/5.3.18/spring-aop-5.3.18.jar:/home/rayhanul/.m2/repository/org/springframework/spring-expression/5.3.18/spring-expression-5.3.18.jar:/home/rayhanul/.m2/repository/org/aspectj/aspectjweaver/1.8.13/aspectjweaver-1.8.13.jar:/home/rayhanul/.m2/repository/ch/qos/reload4j/reload4j/1.2.20/reload4j-1.2.20.jar:/home/rayhanul/.m2/repository/cglib/cglib-nodep/3.3.0/cglib-nodep-3.3.0.jar:/home/rayhanul/.m2/repository/commons-validator/commons-validator/1.6/commons-validator-1.6.jar:/home/rayhanul/.m2/repository/commons-beanutils/commons-beanutils/1.9.2/commons-beanutils-1.9.2.jar:/home/rayhanul/.m2/repository/commons-digester/commons-digester/1.8.1/commons-digester-1.8.1.jar:/home/rayhanul/.m2/repository/org/bouncycastle/bcprov-jdk15on/1.70/bcprov-jdk15on-1.70.jar:/home/rayhanul/.m2/repository/org/bouncycastle/bcpkix-jdk15on/1.70/bcpkix-jdk15on-1.70.jar:/home/rayhanul/.m2/repository/org/bouncycastle/bcutil-jdk15on/1.70/bcutil-jdk15on-1.70.jar:/home/rayhanul/.m2/repository/org/bouncycastle/bctls-jdk15on/1.70/bctls-jdk15on-1.70.jar:/home/rayhanul/.m2/repository/com/jcraft/jsch/0.1.55/jsch-0.1.55.jar:/home/rayhanul/.m2/repository/org/jasypt/jasypt/1.9.3/jasypt-1.9.3.jar:/home/rayhanul/.m2/repository/org/jenkins-ci/trilead-ssh2/build-217-jenkins-27/trilead-ssh2-build-217-jenkins-27.jar:/home/rayhanul/.m2/repository/net/i2p/crypto/eddsa/0.3.0/eddsa-0.3.0.jar:/home/rayhanul/.m2/repository/org/connectbot/jbcrypt/jbcrypt/1.0.0/jbcrypt-1.0.0.jar:/home/rayhanul/.m2/repository/com/google/crypto/tink/tink/1.5.0/tink-1.5.0.jar:/home/rayhanul/.m2/repository/org/json/json/20090211/json-20090211.jar:/home/rayhanul/.m2/repository/com/amazonaws/aws-java-sdk-core/1.11.940/aws-java-sdk-core-1.11.940.jar:/home/rayhanul/.m2/repository/software/amazon/ion/ion-java/1.0.2/ion-java-1.0.2.jar:/home/rayhanul/.m2/repository/com/fasterxml/jackson/dataformat/jackson-dataformat-cbor/2.6.7/jackson-dataformat-cbor-2.6.7.jar:/home/rayhanul/.m2/repository/com/amazonaws/aws-java-sdk-s3/1.11.940/aws-java-sdk-s3-1.11.940.jar:/home/rayhanul/.m2/repository/com/amazonaws/aws-java-sdk-kms/1.11.940/aws-java-sdk-kms-1.11.940.jar:/home/rayhanul/.m2/repository/com/amazonaws/jmespath-java/1.11.940/jmespath-java-1.11.940.jar:/home/rayhanul/.m2/repository/log4j/apache-log4j-extras/1.2.17/apache-log4j-extras-1.2.17.jar:/home/rayhanul/.m2/repository/com/googlecode/java-ipv6/java-ipv6/0.17/java-ipv6-0.17.jar:/home/rayhanul/.m2/repository/commons-configuration/commons-configuration/1.10/commons-configuration-1.10.jar:/home/rayhanul/.m2/repository/javax/annotation/javax.annotation-api/1.3.2/javax.annotation-api-1.3.2.jar:/home/rayhanul/.m2/repository/org/apache/commons/commons-lang3/3.11/commons-lang3-3.11.jar:/home/rayhanul/.m2/repository/org/owasp/esapi/esapi/2.1.0.1/esapi-2.1.0.1.jar:/home/rayhanul/.m2/repository/commons-fileupload/commons-fileupload/1.4/commons-fileupload-1.4.jar:/home/rayhanul/.m2/repository/xom/xom/1.2.5/xom-1.2.5.jar:/home/rayhanul/.m2/repository/xerces/xercesImpl/2.8.0/xercesImpl-2.8.0.jar:/home/rayhanul/.m2/repository/xalan/xalan/2.7.0/xalan-2.7.0.jar:/home/rayhanul/.m2/repository/org/beanshell/bsh-core/2.0b4/bsh-core-2.0b4.jar:/home/rayhanul/.m2/repository/org/owasp/antisamy/antisamy/1.5.3/antisamy-1.5.3.jar:/home/rayhanul/.m2/repository/net/sourceforge/nekohtml/nekohtml/1.9.16/nekohtml-1.9.16.jar:/home/rayhanul/.m2/repository/org/apache/xmlgraphics/batik-css/1.14/batik-css-1.14.jar:/home/rayhanul/.m2/repository/org/apache/xmlgraphics/batik-shared-resources/1.14/batik-shared-resources-1.14.jar:/home/rayhanul/.m2/repository/org/apache/xmlgraphics/batik-util/1.14/batik-util-1.14.jar:/home/rayhanul/.m2/repository/org/apache/xmlgraphics/batik-constants/1.14/batik-constants-1.14.jar:/home/rayhanul/.m2/repository/org/apache/xmlgraphics/batik-i18n/1.14/batik-i18n-1.14.jar:/home/rayhanul/.m2/repository/org/apache/xmlgraphics/xmlgraphics-commons/2.6/xmlgraphics-commons-2.6.jar:/home/rayhanul/.m2/repository/commons-net/commons-net/3.7.2/commons-net-3.7.2.jar:/home/rayhanul/.m2/repository/com/google/code/gson/gson/1.7.2/gson-1.7.2.jar:/home/rayhanul/.m2/repository/com/google/guava/guava-testlib/18.0/guava-testlib-18.0.jar:/home/rayhanul/.m2/repository/com/google/code/findbugs/jsr305/1.3.9/jsr305-1.3.9.jar:/home/rayhanul/.m2/repository/com/google/truth/truth/0.23/truth-0.23.jar:/home/rayhanul/.m2/repository/com/fasterxml/jackson/core/jackson-databind/2.12.1/jackson-databind-2.12.1.jar:/home/rayhanul/.m2/repository/com/fasterxml/jackson/core/jackson-annotations/2.12.1/jackson-annotations-2.12.1.jar:/home/rayhanul/.m2/repository/com/fasterxml/jackson/core/jackson-core/2.12.1/jackson-core-2.12.1.jar:/home/rayhanul/.m2/repository/org/apache/commons/commons-compress/1.21/commons-compress-1.21.jar:/home/rayhanul/.m2/repository/org/apache/commons/commons-email/1.5/commons-email-1.5.jar:/home/rayhanul/.m2/repository/com/sun/mail/javax.mail/1.5.6/javax.mail-1.5.6.jar:/home/rayhanul/.m2/repository/org/apache/cloudstack/cloud-api/4.18.0.0-SNAPSHOT/cloud-api-4.18.0.0-SNAPSHOT-tests.jar:/home/rayhanul/.m2/repository/org/apache/cloudstack/cloud-framework-direct-download/4.18.0.0-SNAPSHOT/cloud-framework-direct-download-4.18.0.0-SNAPSHOT.jar:/home/rayhanul/.m2/repository/org/reflections/reflections/0.9.12/reflections-0.9.12.jar:/home/rayhanul/.m2/repository/org/javassist/javassist/3.27.0-GA/javassist-3.27.0-GA.jar:/home/rayhanul/.m2/repository/org/apache/cloudstack/cloud-api/4.18.0.0-SNAPSHOT/cloud-api-4.18.0.0-SNAPSHOT.jar:/home/rayhanul/.m2/repository/org/apache/cloudstack/cloud-engine-schema/4.18.0.0-SNAPSHOT/cloud-engine-schema-4.18.0.0-SNAPSHOT.jar:/home/rayhanul/.m2/repository/org/ini4j/ini4j/0.5.4/ini4j-0.5.4.jar:/home/rayhanul/.m2/repository/org/apache/cloudstack/cloud-framework-ipc/4.18.0.0-SNAPSHOT/cloud-framework-ipc-4.18.0.0-SNAPSHOT.jar:/home/rayhanul/.m2/repository/org/apache/cloudstack/cloud-framework-events/4.18.0.0-SNAPSHOT/cloud-framework-events-4.18.0.0-SNAPSHOT.jar:/home/rayhanul/.m2/repository/com/google/guava/guava/30.1-jre/guava-30.1-jre.jar:/home/rayhanul/.m2/repository/com/google/guava/failureaccess/1.0.1/failureaccess-1.0.1.jar:/home/rayhanul/.m2/repository/com/google/guava/listenablefuture/9999.0-empty-to-avoid-conflict-with-guava/listenablefuture-9999.0-empty-to-avoid-conflict-with-guava.jar:/home/rayhanul/.m2/repository/org/checkerframework/checker-qual/3.5.0/checker-qual-3.5.0.jar:/home/rayhanul/.m2/repository/com/google/errorprone/error_prone_annotations/2.3.4/error_prone_annotations-2.3.4.jar:/home/rayhanul/.m2/repository/com/google/j2objc/j2objc-annotations/1.3/j2objc-annotations-1.3.jar:/home/rayhanul/.m2/repository/org/apache/cloudstack/cloud-framework-config/4.18.0.0-SNAPSHOT/cloud-framework-config-4.18.0.0-SNAPSHOT.jar:/home/rayhanul/.m2/repository/org/apache/cloudstack/cloud-engine-components-api/4.18.0.0-SNAPSHOT/cloud-engine-components-api-4.18.0.0-SNAPSHOT.jar:/home/rayhanul/.m2/repository/org/apache/cloudstack/cloud-framework-agent-lb/4.18.0.0-SNAPSHOT/cloud-framework-agent-lb-4.18.0.0-SNAPSHOT.jar:/home/rayhanul/.m2/repository/org/apache/cloudstack/cloud-engine-storage-configdrive/4.18.0.0-SNAPSHOT/cloud-engine-storage-configdrive-4.18.0.0-SNAPSHOT.jar:/home/rayhanul/.m2/repository/org/opensaml/opensaml/2.6.4/opensaml-2.6.4.jar:/home/rayhanul/.m2/repository/org/opensaml/openws/1.5.4/openws-1.5.4.jar:/home/rayhanul/.m2/repository/org/opensaml/xmltooling/1.4.4/xmltooling-1.4.4.jar:/home/rayhanul/.m2/repository/ca/juliusdavies/not-yet-commons-ssl/0.3.9/not-yet-commons-ssl-0.3.9.jar:/home/rayhanul/.m2/repository/commons-httpclient/commons-httpclient/3.1/commons-httpclient-3.1.jar:/home/rayhanul/.m2/repository/commons-collections/commons-collections/3.2.1/commons-collections-3.2.1.jar:/home/rayhanul/.m2/repository/commons-lang/commons-lang/2.6/commons-lang-2.6.jar:/home/rayhanul/.m2/repository/org/apache/velocity/velocity/1.7/velocity-1.7.jar:/home/rayhanul/.m2/repository/joda-time/joda-time/2.10.9/joda-time-2.10.9.jar:/home/rayhanul/.m2/repository/org/apache/santuario/xmlsec/1.5.7/xmlsec-1.5.7.jar:/home/rayhanul/.m2/repository/org/slf4j/jcl-over-slf4j/1.7.5/jcl-over-slf4j-1.7.5.jar:/home/rayhanul/.m2/repository/org/slf4j/jul-to-slf4j/1.7.5/jul-to-slf4j-1.7.5.jar:/home/rayhanul/.m2/repository/org/slf4j/log4j-over-slf4j/1.7.5/log4j-over-slf4j-1.7.5.jar:/home/rayhanul/.m2/repository/org/slf4j/slf4j-api/1.7.5/slf4j-api-1.7.5.jar:/home/rayhanul/.m2/repository/org/influxdb/influxdb-java/2.21/influxdb-java-2.21.jar:/home/rayhanul/.m2/repository/com/squareup/retrofit2/retrofit/2.9.0/retrofit-2.9.0.jar:/home/rayhanul/.m2/repository/com/squareup/retrofit2/converter-moshi/2.9.0/converter-moshi-2.9.0.jar:/home/rayhanul/.m2/repository/com/squareup/moshi/moshi/1.8.0/moshi-1.8.0.jar:/home/rayhanul/.m2/repository/org/msgpack/msgpack-core/0.8.21/msgpack-core-0.8.21.jar:/home/rayhanul/.m2/repository/com/squareup/okhttp3/okhttp/4.9.0/okhttp-4.9.0.jar:/home/rayhanul/.m2/repository/com/squareup/okio/okio/2.8.0/okio-2.8.0.jar:/home/rayhanul/.m2/repository/org/jetbrains/kotlin/kotlin-stdlib-common/1.4.0/kotlin-stdlib-common-1.4.0.jar:/home/rayhanul/.m2/repository/org/jetbrains/kotlin/kotlin-stdlib/1.4.10/kotlin-stdlib-1.4.10.jar:/home/rayhanul/.m2/repository/org/jetbrains/annotations/13.0/annotations-13.0.jar:/home/rayhanul/.m2/repository/com/squareup/okhttp3/logging-interceptor/4.9.0/logging-interceptor-4.9.0.jar:/home/rayhanul/.m2/repository/org/jetbrains/kotlin/kotlin-stdlib-jdk8/1.4.10/kotlin-stdlib-jdk8-1.4.10.jar:/home/rayhanul/.m2/repository/org/jetbrains/kotlin/kotlin-stdlib-jdk7/1.4.10/kotlin-stdlib-jdk7-1.4.10.jar:/home/rayhanul/.m2/repository/com/codahale/metrics/metrics-core/3.0.2/metrics-core-3.0.2.jar:/home/rayhanul/.m2/repository/com/codahale/metrics/metrics-jvm/3.0.2/metrics-jvm-3.0.2.jar:/home/rayhanul/.m2/repository/org/hamcrest/hamcrest-all/1.3/hamcrest-all-1.3.jar:/home/rayhanul/.m2/repository/org/mockito/mockito-core/3.2.4/mockito-core-3.2.4.jar:/home/rayhanul/.m2/repository/net/bytebuddy/byte-buddy/1.10.5/byte-buddy-1.10.5.jar:/home/rayhanul/.m2/repository/net/bytebuddy/byte-buddy-agent/1.10.5/byte-buddy-agent-1.10.5.jar:/home/rayhanul/.m2/repository/org/objenesis/objenesis/2.6/objenesis-2.6.jar:/home/rayhanul/.m2/repository/junit/junit/4.13/junit-4.13.jar:/home/rayhanul/.m2/repository/com/tngtech/java/junit-dataprovider/1.13.1/junit-dataprovider-1.13.1.jar:/home/rayhanul/.m2/repository/org/powermock/powermock-core/2.0.5/powermock-core-2.0.5.jar:/home/rayhanul/.m2/repository/org/powermock/powermock-reflect/2.0.5/powermock-reflect-2.0.5.jar:/home/rayhanul/.m2/repository/org/powermock/powermock-module-junit4/2.0.5/powermock-module-junit4-2.0.5.jar:/home/rayhanul/.m2/repository/org/powermock/powermock-module-junit4-common/2.0.5/powermock-module-junit4-common-2.0.5.jar:/home/rayhanul/.m2/repository/org/hamcrest/hamcrest-core/1.3/hamcrest-core-1.3.jar:/home/rayhanul/.m2/repository/org/powermock/powermock-api-mockito2/2.0.5/powermock-api-mockito2-2.0.5.jar:/home/rayhanul/.m2/repository/org/powermock/powermock-api-support/2.0.5/powermock-api-support-2.0.5.jar:/home/rayhanul/.m2/repository/org/springframework/spring-test/5.3.18/spring-test-5.3.18.jar:/home/rayhanul/.m2/repository/javax/inject/javax.inject/1/javax.inject-1.jar:"/>
    <property name="test" value="com.cloud.server.StatsCollectorTest#persistVirtualMachineStatsTestPersistsSuccessfully"/>
    <property name="nondexExecid" value="Q4xN5rIBfwUevW92zxjtOeZYfBH1reyeyY2f3lYgA9I="/>
    <property name="sun.cpu.endian" value="little"/>
    <property name="user.home" value="/home/rayhanul"/>
    <property name="user.language" value="en"/>
    <property name="java.specification.vendor" value="Oracle Corporation"/>
    <property name="java.version.date" value="2023-10-17"/>
    <property name="java.home" value="/usr/lib/jvm/java-11-openjdk-amd64"/>
    <property name="basedir" value="/home/rayhanul/Documents/GitHub/gmu/cloudstack/server"/>
    <property name="file.separator" value="/"/>
    <property name="java.vm.compressedOopsMode" value="32-bit"/>
    <property name="nondexEnd" value="9223372036854775807"/>
    <property name="line.separator" value="&#10;"/>
    <property name="java.specification.name" value="Java Platform API Specification"/>
    <property name="java.vm.specification.vendor" value="Oracle Corporation"/>
    <property name="java.awt.graphicsenv" value="sun.awt.X11GraphicsEnvironment"/>
    <property name="nondexFilter" value=".*"/>
    <property name="nondexSeed" value="974622"/>
    <property name="sun.management.compiler" value="HotSpot 64-Bit Tiered Compilers"/>
    <property name="java.runtime.version" value="11.0.21+9-post-Ubuntu-0ubuntu123.10"/>
    <property name="user.name" value="rayhanul"/>
    <property name="path.separator" value=":"/>
    <property name="java.security.egd" value="file:/dev/./urandom"/>
    <property name="os.version" value="6.5.0-14-generic"/>
    <property name="java.runtime.name" value="OpenJDK Runtime Environment"/>
    <property name="file.encoding" value="UTF-8"/>
    <property name="java.vm.name" value="OpenJDK 64-Bit Server VM"/>
    <property name="localRepository" value="/home/rayhanul/.m2/repository"/>
    <property name="nondexDir" value="/home/rayhanul/Documents/GitHub/gmu/cloudstack/server/.nondex"/>
    <property name="nondexJarDir" value="/home/rayhanul/Documents/GitHub/gmu/cloudstack/server/.nondex"/>
    <property name="java.vendor.url.bug" value="https://bugs.launchpad.net/ubuntu/+source/openjdk-lts"/>
    <property name="java.io.tmpdir" value="/tmp"/>
    <property name="java.version" value="11.0.21"/>
    <property name="user.dir" value="/home/rayhanul/Documents/GitHub/gmu/cloudstack/server"/>
    <property name="os.arch" value="amd64"/>
    <property name="nondexMode" value="FULL"/>
    <property name="java.vm.specification.name" value="Java Virtual Machine Specification"/>
    <property name="java.awt.printerjob" value="sun.print.PSPrinterJob"/>
    <property name="sun.os.patch.level" value="unknown"/>
    <property name="java.library.path" value="/usr/java/packages/lib:/usr/lib/x86_64-linux-gnu/jni:/lib/x86_64-linux-gnu:/usr/lib/x86_64-linux-gnu:/usr/lib/jni:/lib:/usr/lib"/>
    <property name="java.vm.info" value="mixed mode"/>
    <property name="java.vendor" value="Ubuntu"/>
    <property name="java.vm.version" value="11.0.21+9-post-Ubuntu-0ubuntu123.10"/>
    <property name="java.specification.maintenance.version" value="2"/>
    <property name="sun.io.unicode.encoding" value="UnicodeLittle"/>
    <property name="java.class.version" value="55.0"/>
  </properties>
  <testcase name="persistVirtualMachineStatsTestPersistsSuccessfully" classname="com.cloud.server.StatsCollectorTest" time="1.623">
    <failure message="expected:&lt;{&quot;[vmId&quot;:2,&quot;cpuUtilization&quot;:6.0,&quot;networkReadKBs&quot;:7.0,&quot;networkWriteKBs&quot;:8.0,&quot;diskReadIOs&quot;:12.0,&quot;diskWriteIOs&quot;:13.0,&quot;diskReadKBs&quot;:10.0,&quot;diskWriteKBs&quot;:11.0,&quot;memoryKBs&quot;:3.0,&quot;intFreeMemoryKBs&quot;:4.0,&quot;targetMemoryKBs&quot;:5.0,&quot;numCPUs&quot;:9,&quot;entityType&quot;:&quot;vm&quot;]}&gt; but was:&lt;{&quot;[memoryKBs&quot;:3.0,&quot;networkWriteKBs&quot;:8.0,&quot;diskReadKBs&quot;:10.0,&quot;cpuUtilization&quot;:6.0,&quot;diskWriteKBs&quot;:11.0,&quot;intFreeMemoryKBs&quot;:4.0,&quot;networkReadKBs&quot;:7.0,&quot;vmId&quot;:2,&quot;entityType&quot;:&quot;vm&quot;,&quot;numCPUs&quot;:9,&quot;diskWriteIOs&quot;:13.0,&quot;diskReadIOs&quot;:12.0,&quot;targetMemoryKBs&quot;:5.0]}&gt;" type="org.junit.ComparisonFailure"><![CDATA[org.junit.ComparisonFailure: expected:<{"[vmId":2,"cpuUtilization":6.0,"networkReadKBs":7.0,"networkWriteKBs":8.0,"diskReadIOs":12.0,"diskWriteIOs":13.0,"diskReadKBs":10.0,"diskWriteKBs":11.0,"memoryKBs":3.0,"intFreeMemoryKBs":4.0,"targetMemoryKBs":5.0,"numCPUs":9,"entityType":"vm"]}> but was:<{"[memoryKBs":3.0,"networkWriteKBs":8.0,"diskReadKBs":10.0,"cpuUtilization":6.0,"diskWriteKBs":11.0,"intFreeMemoryKBs":4.0,"networkReadKBs":7.0,"vmId":2,"entityType":"vm","numCPUs":9,"diskWriteIOs":13.0,"diskReadIOs":12.0,"targetMemoryKBs":5.0]}>
	at com.cloud.server.StatsCollectorTest.persistVirtualMachineStatsTestPersistsSuccessfully(StatsCollectorTest.java:303)
]]></failure>
  </testcase>
</testsuite>